d:\project\c++\blog-lab\writing-windows-kernel-drivers-for-advanced-persistence\kmdf_icmp\kmdf_icmp\x64\debug\vc143.pdb
d:\project\c++\blog-lab\writing-windows-kernel-drivers-for-advanced-persistence\kmdf_icmp\kmdf_icmp\x64\debug\trigger.obj
d:\project\c++\blog-lab\writing-windows-kernel-drivers-for-advanced-persistence\kmdf_icmp\kmdf_icmp\x64\debug\driver.obj
d:\project\c++\blog-lab\writing-windows-kernel-drivers-for-advanced-persistence\kmdf_icmp\x64\debug\kmdf_icmp\kmdf_icmp.cat
d:\project\c++\blog-lab\writing-windows-kernel-drivers-for-advanced-persistence\kmdf_icmp\x64\debug\kmdf_icmp.sys
d:\project\c++\blog-lab\writing-windows-kernel-drivers-for-advanced-persistence\kmdf_icmp\x64\debug\kmdf_icmp.pdb
d:\project\c++\blog-lab\writing-windows-kernel-drivers-for-advanced-persistence\kmdf_icmp\kmdf_icmp\x64\debug\kmdf_icmp.inf
d:\project\c++\blog-lab\writing-windows-kernel-drivers-for-advanced-persistence\kmdf_icmp\kmdf_icmp\x64\debug\kmdf_icmp.tlog\cl.command.1.tlog
d:\project\c++\blog-lab\writing-windows-kernel-drivers-for-advanced-persistence\kmdf_icmp\kmdf_icmp\x64\debug\kmdf_icmp.tlog\cl.items.tlog
d:\project\c++\blog-lab\writing-windows-kernel-drivers-for-advanced-persistence\kmdf_icmp\kmdf_icmp\x64\debug\kmdf_icmp.tlog\cl.read.1.tlog
d:\project\c++\blog-lab\writing-windows-kernel-drivers-for-advanced-persistence\kmdf_icmp\kmdf_icmp\x64\debug\kmdf_icmp.tlog\cl.write.1.tlog
d:\project\c++\blog-lab\writing-windows-kernel-drivers-for-advanced-persistence\kmdf_icmp\kmdf_icmp\x64\debug\kmdf_icmp.tlog\inf2cat-expand.11988.read.1.tlog
d:\project\c++\blog-lab\writing-windows-kernel-drivers-for-advanced-persistence\kmdf_icmp\kmdf_icmp\x64\debug\kmdf_icmp.tlog\inf2cat-expand.11988.write.1.tlog
d:\project\c++\blog-lab\writing-windows-kernel-drivers-for-advanced-persistence\kmdf_icmp\kmdf_icmp\x64\debug\kmdf_icmp.tlog\inf2cat-expand.12124.read.1.tlog
d:\project\c++\blog-lab\writing-windows-kernel-drivers-for-advanced-persistence\kmdf_icmp\kmdf_icmp\x64\debug\kmdf_icmp.tlog\inf2cat-expand.12124.write.1.tlog
d:\project\c++\blog-lab\writing-windows-kernel-drivers-for-advanced-persistence\kmdf_icmp\kmdf_icmp\x64\debug\kmdf_icmp.tlog\inf2cat-expand.12328.read.1.tlog
d:\project\c++\blog-lab\writing-windows-kernel-drivers-for-advanced-persistence\kmdf_icmp\kmdf_icmp\x64\debug\kmdf_icmp.tlog\inf2cat-expand.12328.write.1.tlog
d:\project\c++\blog-lab\writing-windows-kernel-drivers-for-advanced-persistence\kmdf_icmp\kmdf_icmp\x64\debug\kmdf_icmp.tlog\inf2cat-expand.16784.read.1.tlog
d:\project\c++\blog-lab\writing-windows-kernel-drivers-for-advanced-persistence\kmdf_icmp\kmdf_icmp\x64\debug\kmdf_icmp.tlog\inf2cat-expand.16784.write.1.tlog
d:\project\c++\blog-lab\writing-windows-kernel-drivers-for-advanced-persistence\kmdf_icmp\kmdf_icmp\x64\debug\kmdf_icmp.tlog\inf2cat-expand.17420.read.1.tlog
d:\project\c++\blog-lab\writing-windows-kernel-drivers-for-advanced-persistence\kmdf_icmp\kmdf_icmp\x64\debug\kmdf_icmp.tlog\inf2cat-expand.17420.write.1.tlog
d:\project\c++\blog-lab\writing-windows-kernel-drivers-for-advanced-persistence\kmdf_icmp\kmdf_icmp\x64\debug\kmdf_icmp.tlog\inf2cat-expand.17932.read.1.tlog
d:\project\c++\blog-lab\writing-windows-kernel-drivers-for-advanced-persistence\kmdf_icmp\kmdf_icmp\x64\debug\kmdf_icmp.tlog\inf2cat-expand.17932.write.1.tlog
d:\project\c++\blog-lab\writing-windows-kernel-drivers-for-advanced-persistence\kmdf_icmp\kmdf_icmp\x64\debug\kmdf_icmp.tlog\inf2cat-expand.18220.read.1.tlog
d:\project\c++\blog-lab\writing-windows-kernel-drivers-for-advanced-persistence\kmdf_icmp\kmdf_icmp\x64\debug\kmdf_icmp.tlog\inf2cat-expand.18220.write.1.tlog
d:\project\c++\blog-lab\writing-windows-kernel-drivers-for-advanced-persistence\kmdf_icmp\kmdf_icmp\x64\debug\kmdf_icmp.tlog\inf2cat-expand.18796.read.1.tlog
d:\project\c++\blog-lab\writing-windows-kernel-drivers-for-advanced-persistence\kmdf_icmp\kmdf_icmp\x64\debug\kmdf_icmp.tlog\inf2cat-expand.18796.write.1.tlog
d:\project\c++\blog-lab\writing-windows-kernel-drivers-for-advanced-persistence\kmdf_icmp\kmdf_icmp\x64\debug\kmdf_icmp.tlog\inf2cat-expand.19008.read.1.tlog
d:\project\c++\blog-lab\writing-windows-kernel-drivers-for-advanced-persistence\kmdf_icmp\kmdf_icmp\x64\debug\kmdf_icmp.tlog\inf2cat-expand.19008.write.1.tlog
d:\project\c++\blog-lab\writing-windows-kernel-drivers-for-advanced-persistence\kmdf_icmp\kmdf_icmp\x64\debug\kmdf_icmp.tlog\inf2cat-expand.19312.read.1.tlog
d:\project\c++\blog-lab\writing-windows-kernel-drivers-for-advanced-persistence\kmdf_icmp\kmdf_icmp\x64\debug\kmdf_icmp.tlog\inf2cat-expand.19312.write.1.tlog
d:\project\c++\blog-lab\writing-windows-kernel-drivers-for-advanced-persistence\kmdf_icmp\kmdf_icmp\x64\debug\kmdf_icmp.tlog\inf2cat-expand.19816.read.1.tlog
d:\project\c++\blog-lab\writing-windows-kernel-drivers-for-advanced-persistence\kmdf_icmp\kmdf_icmp\x64\debug\kmdf_icmp.tlog\inf2cat-expand.19816.write.1.tlog
d:\project\c++\blog-lab\writing-windows-kernel-drivers-for-advanced-persistence\kmdf_icmp\kmdf_icmp\x64\debug\kmdf_icmp.tlog\inf2cat-expand.19924.read.1.tlog
d:\project\c++\blog-lab\writing-windows-kernel-drivers-for-advanced-persistence\kmdf_icmp\kmdf_icmp\x64\debug\kmdf_icmp.tlog\inf2cat-expand.19924.write.1.tlog
d:\project\c++\blog-lab\writing-windows-kernel-drivers-for-advanced-persistence\kmdf_icmp\kmdf_icmp\x64\debug\kmdf_icmp.tlog\inf2cat-expand.20088.read.1.tlog
d:\project\c++\blog-lab\writing-windows-kernel-drivers-for-advanced-persistence\kmdf_icmp\kmdf_icmp\x64\debug\kmdf_icmp.tlog\inf2cat-expand.20088.write.1.tlog
d:\project\c++\blog-lab\writing-windows-kernel-drivers-for-advanced-persistence\kmdf_icmp\kmdf_icmp\x64\debug\kmdf_icmp.tlog\inf2cat-expand.21204.read.1.tlog
d:\project\c++\blog-lab\writing-windows-kernel-drivers-for-advanced-persistence\kmdf_icmp\kmdf_icmp\x64\debug\kmdf_icmp.tlog\inf2cat-expand.21204.write.1.tlog
d:\project\c++\blog-lab\writing-windows-kernel-drivers-for-advanced-persistence\kmdf_icmp\kmdf_icmp\x64\debug\kmdf_icmp.tlog\inf2cat-expand.21296.read.1.tlog
d:\project\c++\blog-lab\writing-windows-kernel-drivers-for-advanced-persistence\kmdf_icmp\kmdf_icmp\x64\debug\kmdf_icmp.tlog\inf2cat-expand.21296.write.1.tlog
d:\project\c++\blog-lab\writing-windows-kernel-drivers-for-advanced-persistence\kmdf_icmp\kmdf_icmp\x64\debug\kmdf_icmp.tlog\inf2cat-expand.2132.read.1.tlog
d:\project\c++\blog-lab\writing-windows-kernel-drivers-for-advanced-persistence\kmdf_icmp\kmdf_icmp\x64\debug\kmdf_icmp.tlog\inf2cat-expand.2132.write.1.tlog
d:\project\c++\blog-lab\writing-windows-kernel-drivers-for-advanced-persistence\kmdf_icmp\kmdf_icmp\x64\debug\kmdf_icmp.tlog\inf2cat-expand.24256.read.1.tlog
d:\project\c++\blog-lab\writing-windows-kernel-drivers-for-advanced-persistence\kmdf_icmp\kmdf_icmp\x64\debug\kmdf_icmp.tlog\inf2cat-expand.24256.write.1.tlog
d:\project\c++\blog-lab\writing-windows-kernel-drivers-for-advanced-persistence\kmdf_icmp\kmdf_icmp\x64\debug\kmdf_icmp.tlog\inf2cat-expand.24920.read.1.tlog
d:\project\c++\blog-lab\writing-windows-kernel-drivers-for-advanced-persistence\kmdf_icmp\kmdf_icmp\x64\debug\kmdf_icmp.tlog\inf2cat-expand.24920.write.1.tlog
d:\project\c++\blog-lab\writing-windows-kernel-drivers-for-advanced-persistence\kmdf_icmp\kmdf_icmp\x64\debug\kmdf_icmp.tlog\inf2cat-expand.25568.read.1.tlog
d:\project\c++\blog-lab\writing-windows-kernel-drivers-for-advanced-persistence\kmdf_icmp\kmdf_icmp\x64\debug\kmdf_icmp.tlog\inf2cat-expand.25568.write.1.tlog
d:\project\c++\blog-lab\writing-windows-kernel-drivers-for-advanced-persistence\kmdf_icmp\kmdf_icmp\x64\debug\kmdf_icmp.tlog\inf2cat-expand.25928.read.1.tlog
d:\project\c++\blog-lab\writing-windows-kernel-drivers-for-advanced-persistence\kmdf_icmp\kmdf_icmp\x64\debug\kmdf_icmp.tlog\inf2cat-expand.25928.write.1.tlog
d:\project\c++\blog-lab\writing-windows-kernel-drivers-for-advanced-persistence\kmdf_icmp\kmdf_icmp\x64\debug\kmdf_icmp.tlog\inf2cat-expand.3960.read.1.tlog
d:\project\c++\blog-lab\writing-windows-kernel-drivers-for-advanced-persistence\kmdf_icmp\kmdf_icmp\x64\debug\kmdf_icmp.tlog\inf2cat-expand.3960.write.1.tlog
d:\project\c++\blog-lab\writing-windows-kernel-drivers-for-advanced-persistence\kmdf_icmp\kmdf_icmp\x64\debug\kmdf_icmp.tlog\inf2cat-expand.5880.read.1.tlog
d:\project\c++\blog-lab\writing-windows-kernel-drivers-for-advanced-persistence\kmdf_icmp\kmdf_icmp\x64\debug\kmdf_icmp.tlog\inf2cat-expand.5880.write.1.tlog
d:\project\c++\blog-lab\writing-windows-kernel-drivers-for-advanced-persistence\kmdf_icmp\kmdf_icmp\x64\debug\kmdf_icmp.tlog\inf2cat-expand.7600.read.1.tlog
d:\project\c++\blog-lab\writing-windows-kernel-drivers-for-advanced-persistence\kmdf_icmp\kmdf_icmp\x64\debug\kmdf_icmp.tlog\inf2cat-expand.7600.write.1.tlog
d:\project\c++\blog-lab\writing-windows-kernel-drivers-for-advanced-persistence\kmdf_icmp\kmdf_icmp\x64\debug\kmdf_icmp.tlog\inf2cat-expand.read.1.tlog
d:\project\c++\blog-lab\writing-windows-kernel-drivers-for-advanced-persistence\kmdf_icmp\kmdf_icmp\x64\debug\kmdf_icmp.tlog\inf2cat-expand.write.1.tlog
d:\project\c++\blog-lab\writing-windows-kernel-drivers-for-advanced-persistence\kmdf_icmp\kmdf_icmp\x64\debug\kmdf_icmp.tlog\inf2cat.command.1.tlog
d:\project\c++\blog-lab\writing-windows-kernel-drivers-for-advanced-persistence\kmdf_icmp\kmdf_icmp\x64\debug\kmdf_icmp.tlog\inf2cat.read.1.tlog
d:\project\c++\blog-lab\writing-windows-kernel-drivers-for-advanced-persistence\kmdf_icmp\kmdf_icmp\x64\debug\kmdf_icmp.tlog\inf2cat.write.1.tlog
d:\project\c++\blog-lab\writing-windows-kernel-drivers-for-advanced-persistence\kmdf_icmp\kmdf_icmp\x64\debug\kmdf_icmp.tlog\link.command.1.tlog
d:\project\c++\blog-lab\writing-windows-kernel-drivers-for-advanced-persistence\kmdf_icmp\kmdf_icmp\x64\debug\kmdf_icmp.tlog\link.read.1.tlog
d:\project\c++\blog-lab\writing-windows-kernel-drivers-for-advanced-persistence\kmdf_icmp\kmdf_icmp\x64\debug\kmdf_icmp.tlog\link.secondary.1.tlog
d:\project\c++\blog-lab\writing-windows-kernel-drivers-for-advanced-persistence\kmdf_icmp\kmdf_icmp\x64\debug\kmdf_icmp.tlog\link.write.1.tlog
d:\project\c++\blog-lab\writing-windows-kernel-drivers-for-advanced-persistence\kmdf_icmp\kmdf_icmp\x64\debug\kmdf_icmp.tlog\signtool.command.1.tlog
d:\project\c++\blog-lab\writing-windows-kernel-drivers-for-advanced-persistence\kmdf_icmp\kmdf_icmp\x64\debug\kmdf_icmp.tlog\signtool.read.1.tlog
d:\project\c++\blog-lab\writing-windows-kernel-drivers-for-advanced-persistence\kmdf_icmp\kmdf_icmp\x64\debug\kmdf_icmp.tlog\signtool.timestamp.1.tlog
d:\project\c++\blog-lab\writing-windows-kernel-drivers-for-advanced-persistence\kmdf_icmp\kmdf_icmp\x64\debug\kmdf_icmp.tlog\signtool.write.1.tlog
d:\project\c++\blog-lab\writing-windows-kernel-drivers-for-advanced-persistence\kmdf_icmp\kmdf_icmp\x64\debug\kmdf_icmp.tlog\stampinf.command.1.tlog
d:\project\c++\blog-lab\writing-windows-kernel-drivers-for-advanced-persistence\kmdf_icmp\kmdf_icmp\x64\debug\kmdf_icmp.tlog\stampinf.read.1.tlog
d:\project\c++\blog-lab\writing-windows-kernel-drivers-for-advanced-persistence\kmdf_icmp\kmdf_icmp\x64\debug\kmdf_icmp.tlog\stampinf.write.1.tlog
